<?xml version="1.0" encoding="UTF-8"?><testsuite failures="0" name="cucumber.runtime.formatter.JUnitFormatter" skipped="0" tests="3" time="16.146046">
<testcase classname="airAsiaHomePage" name="User access the Air Asia Home Page" time="8.342418">
<system-out><![CDATA[Given I access the Air Asia web application home page.......................passed
Then I verify all the expected top panel link are available.................passed
And I verify that the booking panel is available............................passed
And I verify that the login panel is available..............................passed
]]></system-out>
</testcase>
<testcase classname="airAsiaHomePage" name="Login with without providing the credential information" time="4.541212">
<system-out><![CDATA[Given I access the Air Asia web application home page.......................passed
And I verify that the login panel is available..............................passed
When I attemp to login with a blank username and password...................passed
Then I very that the login attempt is failing with a notification message "Please enter your Email address.".passed
]]></system-out>
</testcase>
<testcase classname="airAsiaHomePage" name="Login with invalid user credential" time="3.262416">
<system-out><![CDATA[Given I access the Air Asia web application home page.......................passed
And I verify that the login panel is available..............................passed
When I attemp to login with an invalid username and password................passed
Then I very that the login attempt is failing with a notification message "Please enter a valid email (e.g: example@email.com)".passed
]]></system-out>
</testcase>
</testsuite>
